<?xml version="1.0" encoding="UTF-8" ?>
<testsuite errors="1" failures="0" hostname="D-10-154-238-222.dhcp4.washington.edu" name="HelloWorld" skipped="0" tests="1" time="0.0" timestamp="2015-07-15T07:38:13">
  <properties>
[...]
</properties>
  <error message="HelloWorld" type="java.lang.ClassNotFoundException">java.lang.ClassNotFoundException: HelloWorld
	at java.lang.ClassLoader.loadClass(ClassLoader.java:357)
	at java.lang.Class.forName0(Native Method)
	at java.lang.Class.forName(Class.java:348)
</error>
  <system-out><![CDATA[]]></system-out>
  <system-err><![CDATA[]]></system-err>
</testsuite>
