# JRE version: Java(TM) SE Runtime Environment (8.0_11-b12) (build 1.8.0_11-b12)
# Java VM: Java HotSpot(TM) 64-Bit Server VM (25.11-b03 mixed mode windows-amd64 compressed oops)
Heap:
 PSYoungGen      total 8192K, used 6030K [0x00000000e2f00000, 0x00000000e3c80000, 0x0000000100000000)
  eden space 6656K, 77% used [0x00000000e2f00000,0x00000000e3403ae0,0x00000000e3580000)
  from space 1536K, 58% used [0x00000000e3580000,0x00000000e3660000,0x00000000e3700000)
  to   space 1536K, 0% used [0x00000000e3b00000,0x00000000e3b00000,0x00000000e3c80000)
 ParOldGen       total 88576K, used 3453K [0x00000000a8c00000, 0x00000000ae280000, 0x00000000e2f00000)
  object space 88576K, 3% used [0x00000000a8c00000,0x00000000a8f5f410,0x00000000ae280000)
 Metaspace       used 13761K, capacity 13978K, committed 14080K, reserved 1060864K
  class space    used 1670K, capacity 1734K, committed 1792K, reserved 1048576K
GC Heap History (10 events):
Event: 1.610 GC heap before
{Heap before GC invocations=7 (full 0):
 PSYoungGen      total 3072K, used 2864K [0x00000000e2f00000, 0x00000000e3300000, 0x0000000100000000)
  eden space 2048K, 100% used [0x00000000e2f00000,0x00000000e3100000,0x00000000e3100000)
  from space 1024K, 79% used [0x00000000e3200000,0x00000000e32cc010,0x00000000e3300000)
  to   space 1024K, 0% used [0x00000000e3100000,0x00000000e3100000,0x00000000e3200000)
 ParOldGen       total 88576K, used 1343K [0x00000000a8c00000, 0x00000000ae280000, 0x00000000e2f00000)
  object space 88576K, 1% used [0x00000000a8c00000,0x00000000a8d4fee0,0x00000000ae280000)
 Metaspace       used 8732K, capacity 8866K, committed 9088K, reserved 1056768K
  class space    used 1030K, capacity 1080K, committed 1152K, reserved 1048576K
Event: 1.615 GC heap after
Heap after GC invocations=7 (full 0):
 PSYoungGen      total 3072K, used 957K [0x00000000e2f00000, 0x00000000e3600000, 0x0000000100000000)
  eden space 2048K, 0% used [0x00000000e2f00000,0x00000000e2f00000,0x00000000e3100000)
  from space 1024K, 93% used [0x00000000e3100000,0x00000000e31ef6e8,0x00000000e3200000)
  to   space 1536K, 0% used [0x00000000e3480000,0x00000000e3480000,0x00000000e3600000)
 ParOldGen       total 88576K, used 1487K [0x00000000a8c00000, 0x00000000ae280000, 0x00000000e2f00000)
  object space 88576K, 1% used [0x00000000a8c00000,0x00000000a8d73f00,0x00000000ae280000)
 Metaspace       used 8732K, capacity 8866K, committed 9088K, reserved 1056768K
  class space    used 1030K, capacity 1080K, committed 1152K, reserved 1048576K
}
Event: 1.764 GC heap before
{Heap before GC invocations=8 (full 0):
 PSYoungGen      total 3072K, used 2985K [0x00000000e2f00000, 0x00000000e3600000, 0x0000000100000000)
  eden space 2048K, 99% used [0x00000000e2f00000,0x00000000e30fafd0,0x00000000e3100000)
  from space 1024K, 93% used [0x00000000e3100000,0x00000000e31ef6e8,0x00000000e3200000)
  to   space 1536K, 0% used [0x00000000e3480000,0x00000000e3480000,0x00000000e3600000)
 ParOldGen       total 88576K, used 1487K [0x00000000a8c00000, 0x00000000ae280000, 0x00000000e2f00000)
  object space 88576K, 1% used [0x00000000a8c00000,0x00000000a8d73f00,0x00000000ae280000)
 Metaspace       used 9367K, capacity 9474K, committed 9600K, reserved 1058816K
  class space    used 1086K, capacity 1112K, committed 1152K, reserved 1048576K
Event: 1.768 GC heap after
Heap after GC invocations=8 (full 0):
 PSYoungGen      total 5632K, used 1109K [0x00000000e2f00000, 0x00000000e3600000, 0x0000000100000000)
  eden space 4096K, 0% used [0x00000000e2f00000,0x00000000e2f00000,0x00000000e3300000)
  from space 1536K, 72% used [0x00000000e3480000,0x00000000e3595730,0x00000000e3600000)
  to   space 1536K, 0% used [0x00000000e3300000,0x00000000e3300000,0x00000000e3480000)
 ParOldGen       total 88576K, used 1603K [0x00000000a8c00000, 0x00000000ae280000, 0x00000000e2f00000)
  object space 88576K, 1% used [0x00000000a8c00000,0x00000000a8d90f10,0x00000000ae280000)
 Metaspace       used 9367K, capacity 9474K, committed 9600K, reserved 1058816K
  class space    used 1086K, capacity 1112K, committed 1152K, reserved 1048576K
}
Event: 2.144 GC heap before
{Heap before GC invocations=9 (full 0):
 PSYoungGen      total 5632K, used 5205K [0x00000000e2f00000, 0x00000000e3600000, 0x0000000100000000)
  eden space 4096K, 100% used [0x00000000e2f00000,0x00000000e3300000,0x00000000e3300000)
  from space 1536K, 72% used [0x00000000e3480000,0x00000000e3595730,0x00000000e3600000)
  to   space 1536K, 0% used [0x00000000e3300000,0x00000000e3300000,0x00000000e3480000)
 ParOldGen       total 88576K, used 1603K [0x00000000a8c00000, 0x00000000ae280000, 0x00000000e2f00000)
  object space 88576K, 1% used [0x00000000a8c00000,0x00000000a8d90f10,0x00000000ae280000)
 Metaspace       used 10843K, capacity 11010K, committed 11136K, reserved 1058816K
  class space    used 1267K, capacity 1304K, committed 1408K, reserved 1048576K
Event: 2.150 GC heap after
Heap after GC invocations=9 (full 0):
 PSYoungGen      total 5632K, used 1095K [0x00000000e2f00000, 0x00000000e3880000, 0x0000000100000000)
  eden space 4096K, 0% used [0x00000000e2f00000,0x00000000e2f00000,0x00000000e3300000)
  from space 1536K, 71% used [0x00000000e3300000,0x00000000e3411ce8,0x00000000e3480000)
  to   space 1536K, 0% used [0x00000000e3700000,0x00000000e3700000,0x00000000e3880000)
 ParOldGen       total 88576K, used 2083K [0x00000000a8c00000, 0x00000000ae280000, 0x00000000e2f00000)
  object space 88576K, 2% used [0x00000000a8c00000,0x00000000a8e08f10,0x00000000ae280000)
 Metaspace       used 10843K, capacity 11010K, committed 11136K, reserved 1058816K
  class space    used 1267K, capacity 1304K, committed 1408K, reserved 1048576K
}
Event: 3.098 GC heap before
{Heap before GC invocations=10 (full 0):
 PSYoungGen      total 5632K, used 5186K [0x00000000e2f00000, 0x00000000e3880000, 0x0000000100000000)
  eden space 4096K, 99% used [0x00000000e2f00000,0x00000000e32fed50,0x00000000e3300000)
  from space 1536K, 71% used [0x00000000e3300000,0x00000000e3411ce8,0x00000000e3480000)
  to   space 1536K, 0% used [0x00000000e3700000,0x00000000e3700000,0x00000000e3880000)
 ParOldGen       total 88576K, used 2083K [0x00000000a8c00000, 0x00000000ae280000, 0x00000000e2f00000)
  object space 88576K, 2% used [0x00000000a8c00000,0x00000000a8e08f10,0x00000000ae280000)
 Metaspace       used 12152K, capacity 12346K, committed 12544K, reserved 1060864K
  class space    used 1433K, capacity 1468K, committed 1536K, reserved 1048576K
Event: 3.106 GC heap after
Heap after GC invocations=10 (full 0):
 PSYoungGen      total 8192K, used 1415K [0x00000000e2f00000, 0x00000000e3880000, 0x0000000100000000)
  eden space 6656K, 0% used [0x00000000e2f00000,0x00000000e2f00000,0x00000000e3580000)
  from space 1536K, 92% used [0x00000000e3700000,0x00000000e3861dd0,0x00000000e3880000)
  to   space 1536K, 0% used [0x00000000e3580000,0x00000000e3580000,0x00000000e3700000)
 ParOldGen       total 88576K, used 2163K [0x00000000a8c00000, 0x00000000ae280000, 0x00000000e2f00000)
  object space 88576K, 2% used [0x00000000a8c00000,0x00000000a8e1cf10,0x00000000ae280000)
 Metaspace       used 12152K, capacity 12346K, committed 12544K, reserved 1060864K
  class space    used 1433K, capacity 1468K, committed 1536K, reserved 1048576K
}
Event: 3.822 GC heap before
{Heap before GC invocations=11 (full 0):
 PSYoungGen      total 8192K, used 8071K [0x00000000e2f00000, 0x00000000e3880000, 0x0000000100000000)
  eden space 6656K, 100% used [0x00000000e2f00000,0x00000000e3580000,0x00000000e3580000)
  from space 1536K, 92% used [0x00000000e3700000,0x00000000e3861dd0,0x00000000e3880000)
  to   space 1536K, 0% used [0x00000000e3580000,0x00000000e3580000,0x00000000e3700000)
 ParOldGen       total 88576K, used 2163K [0x00000000a8c00000, 0x00000000ae280000, 0x00000000e2f00000)
  object space 88576K, 2% used [0x00000000a8c00000,0x00000000a8e1cf10,0x00000000ae280000)
 Metaspace       used 12203K, capacity 12442K, committed 12544K, reserved 1060864K
  class space    used 1436K, capacity 1500K, committed 1536K, reserved 1048576K
Event: 3.831 GC heap after
Heap after GC invocations=11 (full 0):
 PSYoungGen      total 8192K, used 896K [0x00000000e2f00000, 0x00000000e3c80000, 0x0000000100000000)
  eden space 6656K, 0% used [0x00000000e2f00000,0x00000000e2f00000,0x00000000e3580000)
  from space 1536K, 58% used [0x00000000e3580000,0x00000000e3660000,0x00000000e3700000)
  to   space 1536K, 0% used [0x00000000e3b00000,0x00000000e3b00000,0x00000000e3c80000)
 ParOldGen       total 88576K, used 3453K [0x00000000a8c00000, 0x00000000ae280000, 0x00000000e2f00000)
  object space 88576K, 3% used [0x00000000a8c00000,0x00000000a8f5f410,0x00000000ae280000)
 Metaspace       used 12203K, capacity 12442K, committed 12544K, reserved 1060864K
  class space    used 1436K, capacity 1500K, committed 1536K, reserved 1048576K
}

